26 1 18
26 2 1
26 3 3
26 3 4
26 4 5
26 5 21
26 6 2
26 7 19
26 8 17
26 9 21
26 10 8
26 10 13
26 10 14
26 11 14
26 12 12
26 13 9
26 13 11
26 13 14
26 14 6
26 15 6
26 16 22
27 1 4
27 2 1
27 2 2
27 3 3
29 1 4
29 2 1
29 3 2
29 4 3
30 1 1
30 2 2
30 3 5
30 4 3
30 5 3
30 6 4
30 7 6
31 1 7
31 2 1
31 3 22
31 4 19
31 5 5
31 6 6
31 7 2
31 8 3
31 9 4
31 10 3
31 11 6
31 12 15
31 13 16
31 14 13
31 14 16
31 15 12
31 16 13
31 17 8
31 18 9
31 18 13
31 19 23
32 1 1
32 1 3
32 1 4
32 2 1
32 3 2
33 1 1
33 2 2
33 3 3
33 4 12
33 5 9
33 6 10
33 7 11
33 8 8
33 9 4
33 10 6
33 11 7
33 12 7
33 13 13
34 1 8
34 2 1
34 3 13
34 4 12
34 5 10
34 6 7
34 7 8
34 8 9
34 9 7
34 10 2
34 11 3
34 12 4
34 13 5
34 14 14
35 1 1
35 2 1
35 3 3
35 4 3
35 5 2
36 1 11
36 2 9
36 3 1
36 4 2
36 5 3
36 6 4
36 7 5
36 8 6
36 9 7
36 10 13
36 11 7
36 12 14
36 13 15
36 14 24
36 15 16
36 16 20
36 17 21
36 18 19
36 19 16
36 20 21
36 21 18
36 22 17
36 23 26
38 1 1
38 2 1
38 3 2
39 1 1
39 2 2
39 3 26
39 4 25
39 5 10
39 6 4
39 7 6
39 8 4
39 9 11
39 10 12
39 11 24
39 12 13
39 13 21
39 14 20
39 15 14
39 16 15
39 17 16
39 18 18
39 19 2
39 19 19
39 20 27
40 1 3
40 2 4
40 3 2
40 4 1
41 1 2
41 2 1
41 3 5
41 4 6
41 5 3
41 6 7
41 7 9
41 8 10
41 9 17
41 10 15
41 11 15
41 12 14
41 13 11
41 14 12
41 15 13
41 16 18
42 1 1
42 2 2
42 3 3
43 1 24
43 2 1
43 3 25
43 4 22
43 5 12
43 6 2
43 7 2
43 8 3
43 9 4
43 10 5
43 11 6
43 12 8
43 13 4
43 13 5
43 14 8
43 15 9
43 16 10
43 17 10
43 18 13
43 19 20
43 20 23
43 21 18
43 22 27
43 23 19
43 24 11
43 25 19
43 25 20
43 26 14
43 27 15
43 28 16
43 29 16
43 30 26
43 31 33
43 32 38
43 33 33
43 34 38
43 35 37
43 36 34
43 37 35
43 38 29
43 39 36
43 40 35
43 41 39
44 1 1
44 1 6
44 2 1
44 3 2
44 4 4
44 5 3
44 5 4
45 1 1
45 2 2
45 3 3
45 4 4
45 5 3
45 6 9
45 7 11
45 8 14
45 9 13
45 10 15
45 11 18
45 12 19
45 13 20
45 14 21
45 15 23
46 1 1
46 1 6
46 2 3
46 3 2
46 4 7
47 1 5
47 2 1
47 3 37
47 4 36
47 5 25
47 6 26
47 7 30
47 8 31
47 9 30
47 10 28
47 11 3
47 12 27
47 13 28
47 14 14
47 15 13
47 16 10
47 17 11
47 18 12
47 19 6
47 20 7
47 21 18
47 22 19
47 23 9
47 24 16
47 25 21
47 25 22
47 26 17
47 27 18
47 28 19
47 29 20
47 30 38
48 1 2
48 1 3
48 2 1
49 1 1
49 2 1
49 3 40
49 4 37
49 5 37
49 6 11
49 7 36
49 8 6
49 9 3
49 10 4
49 11 5
49 12 7
49 13 12
49 14 13
49 15 8
49 16 19
49 17 22
49 18 20
49 19 23
49 20 29
49 21 30
49 22 30
49 23 31
49 24 32
49 25 33
49 26 41
50 1 1
50 1 2
50 2 3
50 3 12
50 4 5
50 4 7
50 5 5
50 6 6
50 7 13
51 1 1
51 1 3
51 2 3
52 1 1
52 2 2
52 3 7
52 4 3
52 5 13
52 6 6
52 7 8
52 8 16
52 9 14
52 10 10
52 11 17
53 1 12
53 2 13
53 3 14
53 4 15
53 5 16
53 6 25
53 7 7
53 8 22
53 9 2
53 10 3
53 11 20
53 12 31
53 13 27
53 14 30
53 15 8
53 16 11
53 17 1
53 18 32
54 1 1
54 2 2
54 3 22
54 4 23
54 5 26
54 6 25
54 6 26
54 7 3
54 8 24
54 9 25
54 10 6
54 11 11
54 12 9
54 13 8
54 14 19
54 15 15
54 16 16
54 17 16
54 18 12
54 19 13
54 20 14
54 21 27
55 1 1
55 2 1
55 3 2
55 4 3
55 5 4
55 6 5
55 7 19
55 8 22
55 9 23
55 10 20
55 11 20
55 12 28
55 13 26
55 14 24
55 15 25
55 16 6
55 17 7
55 18 8
55 19 9
55 20 1
55 21 2
55 22 11
55 23 12
55 24 9
55 25 4
55 26 20
55 27 15
55 28 29
56 1 1
56 2 1
56 2 2
57 1 2
57 2 1
57 3 4
57 4 3
57 5 23
57 6 3
57 7 5
57 8 17
57 9 10
57 10 13
57 11 7
57 12 14
57 13 15
57 14 12
57 15 10
57 15 11
57 15 19
57 16 6
57 17 6
57 18 24
58 1 3
58 2 1
58 3 2
58 4 4
58 5 2
58 6 5
58 7 10
58 8 8
58 9 7
58 10 12
59 1 1
59 1 8
59 1 11
59 2 9
59 3 10
59 3 11
59 4 6
59 5 6
59 6 5
59 7 1
59 7 3
59 8 2
59 9 3
60 1 2
60 2 3
60 3 6
60 4 4
60 5 1
60 6 4
60 7 5
60 8 7
61 1 2
61 1 3
61 2 1
62 1 3
62 2 1
62 3 2
62 4 7
62 5 10
62 6 7
62 7 11
62 8 15
62 9 12
62 10 6
62 11 13
62 12 14
62 13 19
62 14 17
62 15 16
62 16 9
62 17 17
62 18 17
62 19 24
62 20 18
62 21 19
62 22 22
62 23 25
63 1 5
63 2 1
63 3 6
63 4 1
64 1 1
64 1 2
64 1 12
64 2 2
64 3 10
64 3 19
64 4 8
64 5 9
64 5 20
64 6 9
64 7 9
64 8 3
64 9 5
64 10 4
64 11 6
64 11 15
64 12 4
64 13 16
64 14 11
64 15 9
64 15 20
64 16 18
64 16 21
64 17 16
64 18 14
64 19 17
64 20 13
64 21 12
64 22 22
65 1 2
65 2 1
65 3 3
65 4 4
65 5 11
65 6 8
65 6 12
65 7 8
65 7 13
65 8 7
65 9 6
65 10 5
65 11 16
66 1 1
66 2 3
66 3 6
67 1 1
67 2 3
67 3 5
67 4 1
67 5 1
67 6 2
67 7 15
67 8 6
67 9 10
67 10 11
67 11 12
67 12 13
67 13 10
67 14 14
67 15 7
67 16 8
67 17 18
67 18 9
67 19 15
67 20 20
67 21 21
67 21 23
67 22 19
67 23 20
67 24 21
68 1 12
68 2 10
68 3 11
68 4 1
68 5 1
68 6 1
68 7 3
68 8 2
68 9 5
68 10 6
68 11 7
68 12 8
68 13 15
68 14 14
68 15 16
68 16 15
68 17 16
68 18 16
68 18 23
68 19 13
68 20 19
68 21 20
68 22 25
68 23 32
68 24 31
68 25 30
68 26 17
68 27 28
68 28 29
68 29 24
68 30 21
68 31 22
68 32 22
68 33 33
69 1 9
69 2 10
69 3 2
69 4 3
69 5 1
69 6 5
69 7 6
69 7 8
69 8 6
69 9 19
69 10 19
69 11 18
69 12 17
69 13 11
69 14 11
69 15 12
69 16 15
69 17 16
69 18 13
69 19 14
69 20 14
69 21 20
70 1 3
70 2 1
70 3 2
70 4 3
70 5 4
71 1 9
71 2 10
71 3 11
71 4 12
71 5 13
71 6 17
71 7 17
71 8 19
71 9 19
71 10 16
71 11 14
71 12 15
71 13 21
71 13 22
71 14 8
71 15 7
71 16 6
71 17 5
71 18 14
71 19 1
71 20 2
71 21 3
71 22 24
72 1 2
72 2 1
72 3 2
72 4 2
73 1 10
73 2 2
73 3 9
73 4 9
73 5 5
73 6 8
73 7 1
73 8 4
74 1 1
74 1 29
74 2 22
74 3 23
74 4 26
74 5 5
74 6 19
74 7 23
74 8 15
74 9 5
74 9 22
74 10 1
74 11 2
74 12 3
74 13 7
74 14 18
74 15 11
74 16 12
74 17 13
74 18 14
74 19 9
74 20 10
74 21 8
75 1 10
75 2 5
75 3 2
75 4 10
75 5 6
75 6 3
75 7 1
75 8 2
75 9 12
76 1 6
76 2 3
76 3 1
76 4 4
78 1 1
78 2 3
78 3 6
78 4 4
78 5 5
78 6 2
79 1 2
79 2 1
79 3 3
79 4 5
79 5 4
79 6 6
79 7 9
79 8 9
79 9 7
79 10 12
80 1 1
80 2 5
80 3 9
80 4 8
80 5 6
80 6 2
80 7 2
80 8 3
80 9 10
81 1 2
81 2 1
81 3 3
81 4 2
81 5 4
81 6 5
83 1 1
83 2 1
83 3 2
83 4 3
83 5 8
83 6 7
83 7 4
83 8 4
83 9 9
84 1 1
84 2 18
84 3 7
84 4 15
84 5 16
84 6 8
84 7 22
84 8 21
84 9 19
84 10 20
84 11 5
84 12 13
84 13 10
84 14 11
84 15 12
84 16 1
84 17 2
84 18 4
84 18 16
84 19 15
84 20 19
84 21 24
85 1 3
85 2 3
85 3 4
85 4 1
85 5 1
86 1 3
86 2 1
86 3 15
86 4 13
86 5 2
86 6 2
86 7 11
86 8 12
86 9 12
86 10 6
86 11 7
86 12 8
86 13 9
86 14 4
86 15 4
86 16 5
86 17 16
87 1 8
87 2 9
87 3 9
87 4 10
87 5 11
87 6 12
87 7 22
87 8 21
87 8 22
87 9 2
87 10 3
87 11 21
87 12 15
87 13 16
87 14 13
87 15 17
87 16 17
87 17 6
87 18 7
87 19 3
87 20 5
87 21 19
87 22 20
87 23 1
87 24 23
88 1 7
88 2 1
88 3 2
88 4 3
88 5 4
88 6 5
88 7 6
88 8 20
88 9 19
88 10 11
88 11 16
88 12 15
88 13 18
88 14 8
88 15 14
88 16 12
88 17 13
88 18 21
89 1 17
89 2 16
89 3 18
89 4 15
89 5 3
89 5 9
89 5 18
89 6 4
89 7 4
89 8 5
89 9 6
89 10 9
89 11 10
89 12 7
89 13 8
89 14 11
89 15 12
89 16 11
89 17 1
89 18 1
89 19 2
89 20 19
90 1 3
90 1 4
90 2 2
90 3 1
90 4 3
92 1 1
92 2 4
92 3 3
92 4 5
93 1 4
93 2 10
93 3 8
93 4 1
93 5 2
93 6 1
93 7 2
93 8 7
93 9 3
93 10 4
94 1 2
94 2 1
94 3 1
94 4 1
94 5 3
94 6 4
94 7 1
94 7 5
94 8 5
94 9 11
94 10 7
94 11 7
94 12 8
95 1 9
95 2 10
95 3 2
95 4 7
95 5 3
95 6 4
95 7 4
95 8 6
95 9 1
96 1 11
96 2 12
96 3 1
96 4 1
96 5 2
96 6 3
96 7 4
96 8 7
96 9 9
96 10 10
97 1 1
97 2 2
98 1 1
98 2 1
98 3 2
98 4 7
98 5 6
98 6 6
98 7 5
98 8 3
98 9 4
98 10 8
98 11 10
98 12 6
98 13 9
98 14 11
99 1 9
99 2 14
99 3 13
99 4 10
99 5 11
99 6 12
99 7 8
99 8 5
99 9 6
99 10 2
99 11 3
99 12 4
99 13 1
99 14 1
99 15 1
99 16 15
100 1 1
100 2 15
100 2 17
100 3 12
100 4 14
100 5 14
100 6 11
100 7 7
100 8 8
100 9 5
100 10 8
100 11 9
100 12 6
100 13 2
100 13 3
100 14 4
100 15 13
100 16 18
100 17 21
100 18 20
100 19 22
100 20 23
100 21 24
100 22 25
100 23 26
100 24 29
100 25 32
100 26 29
100 26 34
100 27 37
100 28 43
100 29 34
100 30 46
101 1 2
101 2 1
101 3 21
101 4 20
101 5 16
101 6 17
101 7 12
101 8 14
101 9 9
101 10 7
101 11 3
101 12 4
101 13 5
101 14 11
101 15 22
102 1 1
102 2 2
102 3 2
102 4 8
102 5 8
102 6 6
102 7 5
102 8 3
102 9 4
102 10 4
102 11 10
102 12 8
102 12 11
102 12 13
102 13 13
102 14 12
102 15 14
103 1 1
103 2 2
104 1 1
104 2 2
104 3 3
104 4 4
105 1 1
105 2 2
105 3 3
105 4 4
105 5 5
106 1 1
106 2 2
106 3 3
107 1 1
108 1 1
108 2 2
109 1 1
109 2 2
109 3 3
109 4 4
109 5 5
109 6 6
109 7 15
109 8 6
109 9 7
109 10 8
109 11 9
109 12 10
109 13 11
109 14 12
109 15 13
109 16 14
110 1 1
110 2 3
110 3 12
110 4 9
110 5 7
110 6 4
110 7 5
110 8 6
111 1 1
111 2 2
111 3 3
111 4 4
111 5 5
111 6 6
112 1 1
113 1 1
113 2 2
113 3 2
113 4 3
113 5 20
113 6 16
113 7 22
113 8 23
113 9 28
113 10 26
113 11 7
113 12 29
113 13 17
113 14 17
113 15 12
113 16 9
113 17 8
113 18 10
113 19 11
113 20 18
113 21 21
113 22 6
113 23 5
113 24 4
113 25 30
113 26 31
113 27 39
113 28 40
113 29 38
113 30 51
113 31 42
113 32 45
113 33 43
113 34 44
113 35 46
113 36 24
113 37 45
113 37 49
113 38 48
113 39 45
113 40 58
114 1 1
114 2 1
115 1 1
115 2 1
115 3 3
115 4 16
115 5 17
115 6 18
115 7 4
115 8 5
115 9 8
115 10 9
115 11 14
115 12 10
115 13 11
115 14 12
115 15 13
115 16 25
115 17 23
115 18 21
115 19 19
115 20 19
115 21 17
115 22 20
115 23 22
115 24 26
116 1 10
116 2 10
116 3 7
116 4 3
116 5 5
116 6 5
116 7 1
116 8 2
116 9 8
116 10 11
116 11 9
116 12 17
116 13 12
116 14 24
116 15 16
116 16 14
116 17 15
116 18 19
116 19 20
116 20 22
116 21 21
116 22 21
116 23 23
116 24 28
116 25 26
116 26 26
116 27 27
116 28 30
119 1 8
119 2 10
119 3 1
119 4 2
119 5 4
119 6 3
119 7 7
119 8 4
119 9 11
120 1 1
120 2 1
120 3 1
120 4 2
120 5 11
120 6 10
120 7 9
120 8 11
120 9 3
120 10 3
120 11 4
120 12 5
120 13 5
120 14 7
120 15 7
120 16 6
120 17 12
121 1 1
121 2 2
121 3 3
121 4 9
121 5 4
121 6 9
121 7 7
121 8 4
121 9 10
121 10 11
121 11 3
121 12 3
121 13 16
121 14 8
121 15 16
121 16 16
121 17 6
121 18 14
121 19 14
121 20 13
121 21 15
121 22 15
121 23 17
123 1 2
123 2 4
123 3 3
123 4 5
123 5 9
123 6 10
123 7 4
123 8 8
123 9 11
123 10 12
123 11 18
123 12 17
123 13 7
123 14 15
123 15 13
123 16 13
123 17 14
123 18 1
